[2026-03-21T20:05:35.192Z] SIGNUP_ATTEMPT: {"email":"testuser@example.com"}
[2026-03-21T20:05:36.396Z] SIGNUP_ATTEMPT: {"email":"testuser@example.com"}
[2026-03-21T20:05:37.186Z] SIGNUP_ATTEMPT: {"email":"testuser@example.com"}
[2026-03-21T20:06:29.501Z] SIGNUP_ATTEMPT: {"email":""}
[2026-03-21T20:06:29.666Z] SIGNUP_ATTEMPT: {"email":""}
[2026-03-21T20:06:55.268Z] SIGNUP_ATTEMPT: {"email":"rate-limit-test-1774123615140-0@example.com"}
[2026-03-21T20:06:56.491Z] SIGNUP_ATTEMPT: {"email":"rate-limit-test-1774123616404-1@example.com"}
[2026-03-21T20:06:57.672Z] SIGNUP_ATTEMPT: {"email":"rate-limit-test-1774123617651-2@example.com"}
[2026-03-21T20:06:58.587Z] SIGNUP_ATTEMPT: {"email":"rate-limit-test-1774123618570-3@example.com"}
[2026-03-21T20:06:59.728Z] SIGNUP_ATTEMPT: {"email":"rate-limit-test-1774123619713-4@example.com"}
[2026-03-21T20:07:00.860Z] SIGNUP_ATTEMPT: {"email":"rate-limit-test-1774123620840-5@example.com"}
[2026-03-21T20:07:01.999Z] SIGNUP_ATTEMPT: {"email":"rate-limit-test-1774123621981-6@example.com"}
[2026-03-21T20:07:03.070Z] SIGNUP_ATTEMPT: {"email":"rate-limit-test-1774123623060-7@example.com"}
[2026-03-21T20:07:04.107Z] SIGNUP_ATTEMPT: {"email":"rate-limit-test-1774123624094-8@example.com"}
[2026-03-21T20:07:05.322Z] SIGNUP_ATTEMPT: {"email":"rate-limit-test-1774123625263-9@example.com"}
[2026-03-21T20:07:26.677Z] SIGNUP_ATTEMPT: {"email":"rate-limit-test-1774123646519-0-0.05538618578382326@example.com"}
[2026-03-21T20:07:26.793Z] SIGNUP_ATTEMPT: {"email":"rate-limit-test-1774123646520-1-0.033784775180003335@example.com"}
[2026-03-21T20:07:27.017Z] SIGNUP_ATTEMPT: {"email":"rate-limit-test-1774123646521-2-0.3115108950459532@example.com"}
[2026-03-21T20:07:27.354Z] SIGNUP_ATTEMPT: {"email":"rate-limit-test-1774123646521-3-0.5777322441373355@example.com"}
[2026-03-21T20:07:27.810Z] SIGNUP_ATTEMPT: {"email":"rate-limit-test-1774123646521-4-0.6328001778309001@example.com"}
[2026-03-21T20:07:28.331Z] SIGNUP_ATTEMPT: {"email":"rate-limit-test-1774123646521-5-0.2685155911993483@example.com"}
[2026-03-21T20:07:33.408Z] SIGNUP_ATTEMPT: {"email":"rate-limit-test-1774123646522-6-0.17470308727931105@example.com"}
[2026-03-21T20:07:33.638Z] SIGNUP_ATTEMPT: {"email":"rate-limit-test-1774123646522-7-0.2787194897629748@example.com"}
[2026-03-21T20:07:33.873Z] SIGNUP_ATTEMPT: {"email":"rate-limit-test-1774123646522-8-0.06216263522385557@example.com"}
[2026-03-21T20:07:34.194Z] SIGNUP_ATTEMPT: {"email":"rate-limit-test-1774123646522-9-0.23462586686743347@example.com"}
[2026-03-21T20:07:35.026Z] SIGNUP_ATTEMPT: {"email":"rate-limit-test-1774123646523-10-0.3394396776582743@example.com"}
[2026-03-21T20:07:35.038Z] SIGNUP_ATTEMPT: {"email":"rate-limit-test-1774123646523-11-0.867518337095382@example.com"}
[2026-03-21T20:07:40.238Z] SIGNUP_ATTEMPT: {"email":"rate-limit-test-1774123646523-12-0.24201061821897274@example.com"}
[2026-03-21T20:07:40.732Z] SIGNUP_ATTEMPT: {"email":"rate-limit-test-1774123646524-13-0.5755572544704923@example.com"}
[2026-03-21T20:07:40.742Z] SIGNUP_ATTEMPT: {"email":"rate-limit-test-1774123646524-14-0.8595511273743328@example.com"}
[2026-03-21T20:07:41.382Z] SIGNUP_ATTEMPT: {"email":"rate-limit-test-1774123646525-15-0.12992929268863995@example.com"}
[2026-03-21T20:07:42.226Z] SIGNUP_ATTEMPT: {"email":"rate-limit-test-1774123646525-16-0.20142663208875067@example.com"}
[2026-03-21T20:07:42.234Z] SIGNUP_ATTEMPT: {"email":"rate-limit-test-1774123646525-17-0.21682130322098359@example.com"}
[2026-03-21T20:07:47.111Z] SIGNUP_ATTEMPT: {"email":"rate-limit-test-1774123646525-18-0.028903251295143928@example.com"}
[2026-03-21T20:07:47.909Z] SIGNUP_ATTEMPT: {"email":"rate-limit-test-1774123646526-19-0.36740785144864574@example.com"}
[2026-03-21T20:07:47.923Z] SIGNUP_ATTEMPT: {"email":"rate-limit-test-1774123646526-20-0.07870963145570042@example.com"}
[2026-03-21T20:07:48.400Z] SIGNUP_ATTEMPT: {"email":"rate-limit-test-1774123646526-21-0.062070513936933414@example.com"}
[2026-03-21T20:07:49.311Z] SIGNUP_ATTEMPT: {"email":"rate-limit-test-1774123646526-22-0.36101861254751744@example.com"}
[2026-03-21T20:07:49.829Z] SIGNUP_ATTEMPT: {"email":"rate-limit-test-1774123646526-23-0.12501145317036788@example.com"}
[2026-03-21T20:07:54.324Z] SIGNUP_ATTEMPT: {"email":"rate-limit-test-1774123646527-24-0.46783620674791493@example.com"}
[2026-03-21T20:07:55.264Z] SIGNUP_ATTEMPT: {"email":"rate-limit-test-1774123646527-25-0.2331826818141599@example.com"}
[2026-03-21T20:07:55.735Z] SIGNUP_ATTEMPT: {"email":"rate-limit-test-1774123646527-26-0.03318317451899766@example.com"}
[2026-03-21T20:07:55.742Z] SIGNUP_ATTEMPT: {"email":"rate-limit-test-1774123646527-27-0.6960320377806338@example.com"}
[2026-03-21T20:07:56.575Z] SIGNUP_ATTEMPT: {"email":"rate-limit-test-1774123646528-28-0.5849164779954594@example.com"}
[2026-03-21T20:07:57.094Z] SIGNUP_ATTEMPT: {"email":"rate-limit-test-1774123646528-29-0.986567567455401@example.com"}
[2026-03-21T20:08:01.007Z] SIGNUP_ATTEMPT: {"email":"rate-limit-test-1774123646528-30-0.785243216285886@example.com"}
[2026-03-21T20:08:02.771Z] SIGNUP_ATTEMPT: {"email":"rate-limit-test-1774123646529-31-0.9568602039969254@example.com"}
[2026-03-21T20:08:03.556Z] SIGNUP_ATTEMPT: {"email":"rate-limit-test-1774123646529-32-0.7122043853378676@example.com"}
[2026-03-21T20:08:03.568Z] SIGNUP_ATTEMPT: {"email":"rate-limit-test-1774123646530-33-0.08149374439576473@example.com"}
[2026-03-21T20:08:03.992Z] SIGNUP_ATTEMPT: {"email":"rate-limit-test-1774123646530-34-0.053212558227116014@example.com"}
[2026-03-21T20:08:04.510Z] SIGNUP_ATTEMPT: {"email":"rate-limit-test-1774123646530-35-0.10122407848892323@example.com"}
[2026-03-21T20:08:08.254Z] SIGNUP_ATTEMPT: {"email":"rate-limit-test-1774123646530-36-0.7818749268161754@example.com"}
[2026-03-21T20:08:09.604Z] SIGNUP_ATTEMPT: {"email":"rate-limit-test-1774123646531-37-0.32904606218893206@example.com"}
[2026-03-21T20:08:10.580Z] SIGNUP_ATTEMPT: {"email":"rate-limit-test-1774123646531-38-0.8674496496123552@example.com"}
[2026-03-21T20:08:10.596Z] SIGNUP_ATTEMPT: {"email":"rate-limit-test-1774123646531-39-0.8942567542626219@example.com"}
[2026-03-21T20:08:10.618Z] SIGNUP_ATTEMPT: {"email":"rate-limit-test-1774123646532-40-0.4374354654664486@example.com"}
[2026-03-21T20:08:11.337Z] SIGNUP_ATTEMPT: {"email":"rate-limit-test-1774123646532-41-0.7729079449495408@example.com"}
[2026-03-21T20:08:15.107Z] SIGNUP_ATTEMPT: {"email":"rate-limit-test-1774123646532-42-0.5543513632879568@example.com"}
[2026-03-21T20:08:17.018Z] SIGNUP_ATTEMPT: {"email":"rate-limit-test-1774123646533-43-0.3830759944309259@example.com"}
[2026-03-21T20:08:17.907Z] SIGNUP_ATTEMPT: {"email":"rate-limit-test-1774123646533-44-0.5765113535725016@example.com"}
[2026-03-21T20:08:17.919Z] SIGNUP_ATTEMPT: {"email":"rate-limit-test-1774123646533-45-0.9524448205874654@example.com"}
[2026-03-21T20:08:17.930Z] SIGNUP_ATTEMPT: {"email":"rate-limit-test-1774123646533-46-0.933549676439044@example.com"}
[2026-03-21T20:08:18.447Z] SIGNUP_ATTEMPT: {"email":"rate-limit-test-1774123646534-47-0.7514995582310774@example.com"}
[2026-03-21T20:08:21.754Z] SIGNUP_ATTEMPT: {"email":"rate-limit-test-1774123646534-48-0.680876867313015@example.com"}
[2026-03-21T20:08:24.163Z] SIGNUP_ATTEMPT: {"email":"rate-limit-test-1774123646534-49-0.8482959239011716@example.com"}
[2026-03-21T20:08:24.887Z] SIGNUP_ATTEMPT: {"email":"flood-1774123680450-0-0.14223359036719518@test.com"}
[2026-03-21T20:08:24.900Z] SIGNUP_ATTEMPT: {"email":"flood-1774123680451-1-0.3689613518233652@test.com"}
[2026-03-21T20:08:25.320Z] SIGNUP_ATTEMPT: {"email":"flood-1774123680452-2-0.0263307036050916@test.com"}
[2026-03-21T20:08:25.837Z] SIGNUP_ATTEMPT: {"email":"flood-1774123680453-3-0.12242286998375118@test.com"}
[2026-03-21T20:08:28.466Z] SIGNUP_ATTEMPT: {"email":"flood-1774123680454-4-0.7944689753446025@test.com"}
[2026-03-21T20:08:30.917Z] SIGNUP_ATTEMPT: {"email":"flood-1774123680454-5-0.44842280133290047@test.com"}
[2026-03-21T20:08:31.772Z] SIGNUP_ATTEMPT: {"email":"flood-1774123680454-6-0.9483644572931926@test.com"}
[2026-03-21T20:08:32.090Z] SIGNUP_ATTEMPT: {"email":"flood-1774123680455-7-0.5346608055050325@test.com"}
[2026-03-21T20:08:32.101Z] SIGNUP_ATTEMPT: {"email":"flood-1774123680455-8-0.8445140785301588@test.com"}
[2026-03-21T20:08:33.119Z] SIGNUP_ATTEMPT: {"email":"flood-1774123680455-9-0.26598858590090513@test.com"}
[2026-03-21T20:08:35.186Z] SIGNUP_ATTEMPT: {"email":"flood-1774123680456-10-0.7464568376273393@test.com"}
[2026-03-21T20:08:37.698Z] SIGNUP_ATTEMPT: {"email":"flood-1774123680456-11-0.42663478931334653@test.com"}
[2026-03-21T20:08:38.831Z] SIGNUP_ATTEMPT: {"email":"flood-1774123680457-12-0.9453851373894531@test.com"}
[2026-03-21T20:08:39.313Z] SIGNUP_ATTEMPT: {"email":"flood-1774123680457-13-0.0074561214318679125@test.com"}
[2026-03-21T20:08:39.742Z] SIGNUP_ATTEMPT: {"email":"flood-1774123680457-14-0.5521263454767561@test.com"}
[2026-03-21T20:08:40.785Z] SIGNUP_ATTEMPT: {"email":"flood-1774123680457-15-0.26047489384882705@test.com"}
[2026-03-21T20:08:43.563Z] SIGNUP_ATTEMPT: {"email":"flood-1774123680458-16-0.47369757106466426@test.com"}
[2026-03-21T20:08:46.003Z] SIGNUP_ATTEMPT: {"email":"flood-1774123680458-17-0.5810906468749639@test.com"}
[2026-03-21T20:08:46.848Z] SIGNUP_ATTEMPT: {"email":"flood-1774123680458-18-0.12587821705595892@test.com"}
[2026-03-21T20:08:47.166Z] SIGNUP_ATTEMPT: {"email":"flood-1774123680458-19-0.6625079073170758@test.com"}
[2026-03-21T20:08:47.585Z] SIGNUP_ATTEMPT: {"email":"flood-1774123680459-20-0.9928566017918307@test.com"}
[2026-03-21T20:08:48.103Z] SIGNUP_ATTEMPT: {"email":"flood-1774123680459-21-0.39087522475370684@test.com"}
[2026-03-21T20:08:50.655Z] SIGNUP_ATTEMPT: {"email":"flood-1774123680460-22-0.0772354984028506@test.com"}
[2026-03-21T20:08:52.183Z] SIGNUP_ATTEMPT: {"email":"flood-1774123680461-23-0.6678419100381241@test.com"}
[2026-03-21T20:08:53.546Z] SIGNUP_ATTEMPT: {"email":"flood-1774123680462-24-0.34238049363836265@test.com"}
[2026-03-21T20:08:54.601Z] SIGNUP_ATTEMPT: {"email":"flood-1774123680462-25-0.1803337975941961@test.com"}
[2026-03-21T20:08:55.016Z] SIGNUP_ATTEMPT: {"email":"flood-1774123680464-26-0.6993275152074763@test.com"}
[2026-03-21T20:08:55.538Z] SIGNUP_ATTEMPT: {"email":"flood-1774123680464-27-0.9250097162895266@test.com"}
[2026-03-21T20:08:57.896Z] SIGNUP_ATTEMPT: {"email":"flood-1774123680465-28-0.6001084302014604@test.com"}
[2026-03-21T20:08:58.830Z] SIGNUP_ATTEMPT: {"email":"flood-1774123680465-29-0.00008746880366172771@test.com"}
[2026-03-21T20:09:00.360Z] SIGNUP_ATTEMPT: {"email":"flood-1774123680466-30-0.3427306481814817@test.com"}
[2026-03-21T20:09:01.947Z] SIGNUP_ATTEMPT: {"email":"flood-1774123680466-31-0.07897313847338172@test.com"}
[2026-03-21T20:09:02.375Z] SIGNUP_ATTEMPT: {"email":"flood-1774123680466-32-0.7828484829837904@test.com"}
[2026-03-21T20:09:03.414Z] SIGNUP_ATTEMPT: {"email":"flood-1774123680467-33-0.7512398976501259@test.com"}
[2026-03-21T20:09:05.927Z] SIGNUP_ATTEMPT: {"email":"flood-1774123680468-34-0.7681790230511314@test.com"}
[2026-03-21T20:09:07.213Z] SIGNUP_ATTEMPT: {"email":"flood-1774123680468-35-0.2754119921942565@test.com"}
[2026-03-21T20:09:08.017Z] SIGNUP_ATTEMPT: {"email":"flood-1774123680469-36-0.8505639625197192@test.com"}
[2026-03-21T20:09:09.150Z] SIGNUP_ATTEMPT: {"email":"flood-1774123680470-37-0.8018512399744399@test.com"}
[2026-03-21T20:09:09.161Z] SIGNUP_ATTEMPT: {"email":"flood-1774123680470-38-0.9709558510421732@test.com"}
[2026-03-21T20:09:10.715Z] SIGNUP_ATTEMPT: {"email":"flood-1774123680472-39-0.11512351871782922@test.com"}
[2026-03-21T20:09:13.351Z] SIGNUP_ATTEMPT: {"email":"flood-1774123680473-40-0.7175278760410779@test.com"}
[2026-03-21T20:09:14.598Z] SIGNUP_ATTEMPT: {"email":"flood-1774123680474-41-0.04125714990281226@test.com"}
[2026-03-21T20:09:15.274Z] SIGNUP_ATTEMPT: {"email":"flood-1774123680474-42-0.7082300925123008@test.com"}
[2026-03-21T20:09:15.992Z] SIGNUP_ATTEMPT: {"email":"flood-1774123680475-43-0.04979555402494873@test.com"}
[2026-03-21T20:09:16.412Z] SIGNUP_ATTEMPT: {"email":"flood-1774123680475-44-0.786804637885393@test.com"}
[2026-03-21T20:09:17.440Z] SIGNUP_ATTEMPT: {"email":"flood-1774123680476-45-0.9285057713744572@test.com"}
[2026-03-21T20:09:20.028Z] SIGNUP_ATTEMPT: {"email":"flood-1774123680477-46-0.11826407816106421@test.com"}
[2026-03-21T20:09:21.938Z] SIGNUP_ATTEMPT: {"email":"flood-1774123680478-47-0.23320805694667524@test.com"}
[2026-03-21T20:09:22.296Z] SIGNUP_ATTEMPT: {"email":"flood-1774123680478-48-0.997572260916744@test.com"}
[2026-03-21T20:09:23.512Z] SIGNUP_ATTEMPT: {"email":"flood-1774123680479-49-0.7136508286855849@test.com"}
[2026-03-21T20:09:23.933Z] SIGNUP_ATTEMPT: {"email":"flood-1774123680479-50-0.6031818534422024@test.com"}
[2026-03-21T20:09:25.377Z] SIGNUP_ATTEMPT: {"email":"flood-1774123680479-51-0.551512554972872@test.com"}
[2026-03-21T20:09:26.855Z] SIGNUP_ATTEMPT: {"email":"flood-1774123680479-52-0.9764639167929509@test.com"}
[2026-03-21T20:09:27.233Z] SIGNUP_ATTEMPT: {"email":"flood-1774123680480-53-0.0260571959119682@test.com"}
[2026-03-21T20:09:27.599Z] SIGNUP_ATTEMPT: {"email":"flood-1774123680480-54-0.30826267517125916@test.com"}
[2026-03-21T20:09:28.779Z] SIGNUP_ATTEMPT: {"email":"flood-1774123680480-55-0.2722791435485006@test.com"}
[2026-03-21T20:09:29.194Z] SIGNUP_ATTEMPT: {"email":"flood-1774123680480-56-0.7558003453551946@test.com"}
[2026-03-21T20:09:30.682Z] SIGNUP_ATTEMPT: {"email":"flood-1774123680481-57-0.48460173592583866@test.com"}
[2026-03-21T20:09:32.158Z] SIGNUP_ATTEMPT: {"email":"flood-1774123680481-58-0.4386432516776624@test.com"}
[2026-03-21T20:09:32.509Z] SIGNUP_ATTEMPT: {"email":"flood-1774123680481-59-0.6754047608320874@test.com"}
[2026-03-21T20:09:32.897Z] SIGNUP_ATTEMPT: {"email":"flood-1774123680482-60-0.6639323138718631@test.com"}
[2026-03-21T20:09:34.106Z] SIGNUP_ATTEMPT: {"email":"flood-1774123680482-61-0.8772927948859667@test.com"}
[2026-03-21T20:09:34.519Z] SIGNUP_ATTEMPT: {"email":"flood-1774123680483-62-0.7037113325309685@test.com"}
[2026-03-21T20:09:35.940Z] SIGNUP_ATTEMPT: {"email":"flood-1774123680483-63-0.5307672937355707@test.com"}
[2026-03-21T20:09:36.979Z] SIGNUP_ATTEMPT: {"email":"flood-1774123680483-64-0.2938819492662872@test.com"}
[2026-03-21T20:09:37.758Z] SIGNUP_ATTEMPT: {"email":"flood-1774123680483-65-0.9864729383732566@test.com"}
[2026-03-21T20:09:37.762Z] SIGNUP_ATTEMPT: {"email":"flood-1774123680484-66-0.5912640178898353@test.com"}
[2026-03-21T20:09:39.440Z] SIGNUP_ATTEMPT: {"email":"flood-1774123680484-67-0.5919013008587577@test.com"}
[2026-03-21T20:09:39.854Z] SIGNUP_ATTEMPT: {"email":"flood-1774123680484-68-0.9923702469755674@test.com"}
[2026-03-21T20:09:41.234Z] SIGNUP_ATTEMPT: {"email":"flood-1774123680485-69-0.08146170419489485@test.com"}
[2026-03-21T20:09:42.619Z] SIGNUP_ATTEMPT: {"email":"flood-1774123680485-70-0.40210071968781336@test.com"}
[2026-03-21T20:09:43.054Z] SIGNUP_ATTEMPT: {"email":"flood-1774123680485-71-0.3396006865751472@test.com"}
[2026-03-21T20:09:43.666Z] SIGNUP_ATTEMPT: {"email":"flood-1774123680486-72-0.6565212868408717@test.com"}
[2026-03-21T20:09:45.732Z] SIGNUP_ATTEMPT: {"email":"flood-1774123680486-73-0.6523165377502272@test.com"}
[2026-03-21T20:09:46.694Z] SIGNUP_ATTEMPT: {"email":"flood-1774123680486-74-0.40528940093035204@test.com"}
[2026-03-21T20:09:48.234Z] SIGNUP_ATTEMPT: {"email":"flood-1774123680487-75-0.9860948716850853@test.com"}
[2026-03-21T20:09:49.978Z] SIGNUP_ATTEMPT: {"email":"flood-1774123680487-76-0.2579994711028606@test.com"}
[2026-03-21T20:09:49.987Z] SIGNUP_ATTEMPT: {"email":"flood-1774123680487-77-0.22840011826427542@test.com"}
[2026-03-21T20:09:50.409Z] RATE_LIMIT_EXCEEDED: {"ip":"::1"}
[2026-03-21T20:09:51.439Z] RATE_LIMIT_EXCEEDED: {"ip":"::1"}
[2026-03-21T20:09:51.756Z] RATE_LIMIT_EXCEEDED: {"ip":"::1"}
[2026-03-21T20:09:51.990Z] RATE_LIMIT_EXCEEDED: {"ip":"::1"}
[2026-03-21T20:09:52.413Z] RATE_LIMIT_EXCEEDED: {"ip":"::1"}
[2026-03-21T20:09:52.629Z] RATE_LIMIT_EXCEEDED: {"ip":"::1"}
[2026-03-21T20:09:52.839Z] RATE_LIMIT_EXCEEDED: {"ip":"::1"}
[2026-03-21T20:09:52.850Z] RATE_LIMIT_EXCEEDED: {"ip":"::1"}
[2026-03-21T20:09:52.900Z] RATE_LIMIT_EXCEEDED: {"ip":"::1"}
[2026-03-21T20:09:52.923Z] RATE_LIMIT_EXCEEDED: {"ip":"::1"}
[2026-03-21T20:09:52.942Z] RATE_LIMIT_EXCEEDED: {"ip":"::1"}
[2026-03-21T20:09:52.955Z] RATE_LIMIT_EXCEEDED: {"ip":"::1"}
[2026-03-21T20:09:52.966Z] RATE_LIMIT_EXCEEDED: {"ip":"::1"}
[2026-03-21T20:09:53.019Z] RATE_LIMIT_EXCEEDED: {"ip":"::1"}
[2026-03-21T20:09:53.037Z] RATE_LIMIT_EXCEEDED: {"ip":"::1"}
[2026-03-21T20:09:53.049Z] RATE_LIMIT_EXCEEDED: {"ip":"::1"}
[2026-03-21T20:09:53.062Z] RATE_LIMIT_EXCEEDED: {"ip":"::1"}
[2026-03-21T20:09:53.075Z] RATE_LIMIT_EXCEEDED: {"ip":"::1"}
[2026-03-21T20:09:53.089Z] RATE_LIMIT_EXCEEDED: {"ip":"::1"}
[2026-03-21T20:09:53.109Z] RATE_LIMIT_EXCEEDED: {"ip":"::1"}
[2026-03-21T20:09:53.128Z] RATE_LIMIT_EXCEEDED: {"ip":"::1"}
[2026-03-21T20:09:53.142Z] RATE_LIMIT_EXCEEDED: {"ip":"::1"}
[2026-03-21T20:09:53.155Z] RATE_LIMIT_EXCEEDED: {"ip":"::1"}
[2026-03-21T20:09:53.171Z] RATE_LIMIT_EXCEEDED: {"ip":"::1"}
[2026-03-21T20:09:53.181Z] RATE_LIMIT_EXCEEDED: {"ip":"::1"}
[2026-03-21T20:09:53.215Z] RATE_LIMIT_EXCEEDED: {"ip":"::1"}
[2026-03-21T20:09:53.226Z] RATE_LIMIT_EXCEEDED: {"ip":"::1"}
[2026-03-21T20:09:53.242Z] RATE_LIMIT_EXCEEDED: {"ip":"::1"}
[2026-03-21T20:09:53.253Z] RATE_LIMIT_EXCEEDED: {"ip":"::1"}
[2026-03-21T20:09:53.263Z] RATE_LIMIT_EXCEEDED: {"ip":"::1"}
[2026-03-21T20:09:53.281Z] RATE_LIMIT_EXCEEDED: {"ip":"::1"}
[2026-03-21T20:09:53.318Z] RATE_LIMIT_EXCEEDED: {"ip":"::1"}
[2026-03-21T20:09:53.332Z] RATE_LIMIT_EXCEEDED: {"ip":"::1"}
[2026-03-21T20:09:53.350Z] RATE_LIMIT_EXCEEDED: {"ip":"::1"}
[2026-03-21T20:09:53.361Z] RATE_LIMIT_EXCEEDED: {"ip":"::1"}
[2026-03-21T20:09:53.378Z] RATE_LIMIT_EXCEEDED: {"ip":"::1"}
[2026-03-21T20:09:53.395Z] RATE_LIMIT_EXCEEDED: {"ip":"::1"}
[2026-03-21T20:09:53.418Z] RATE_LIMIT_EXCEEDED: {"ip":"::1"}
[2026-03-21T20:09:53.431Z] RATE_LIMIT_EXCEEDED: {"ip":"::1"}
[2026-03-21T20:09:53.445Z] RATE_LIMIT_EXCEEDED: {"ip":"::1"}
[2026-03-21T20:09:53.457Z] RATE_LIMIT_EXCEEDED: {"ip":"::1"}
[2026-03-21T20:09:53.469Z] RATE_LIMIT_EXCEEDED: {"ip":"::1"}
[2026-03-21T20:09:53.486Z] RATE_LIMIT_EXCEEDED: {"ip":"::1"}
[2026-03-21T20:09:53.527Z] RATE_LIMIT_EXCEEDED: {"ip":"::1"}
[2026-03-21T20:09:53.539Z] RATE_LIMIT_EXCEEDED: {"ip":"::1"}
[2026-03-21T20:09:53.552Z] RATE_LIMIT_EXCEEDED: {"ip":"::1"}
[2026-03-21T20:09:53.561Z] RATE_LIMIT_EXCEEDED: {"ip":"::1"}
[2026-03-21T20:09:53.574Z] RATE_LIMIT_EXCEEDED: {"ip":"::1"}
[2026-03-21T20:09:53.587Z] RATE_LIMIT_EXCEEDED: {"ip":"::1"}
[2026-03-21T20:09:53.610Z] RATE_LIMIT_EXCEEDED: {"ip":"::1"}
[2026-03-21T20:09:53.620Z] RATE_LIMIT_EXCEEDED: {"ip":"::1"}
[2026-03-21T20:09:53.641Z] RATE_LIMIT_EXCEEDED: {"ip":"::1"}
[2026-03-21T20:09:53.652Z] RATE_LIMIT_EXCEEDED: {"ip":"::1"}
[2026-03-21T20:09:53.666Z] RATE_LIMIT_EXCEEDED: {"ip":"::1"}
[2026-03-21T20:09:53.678Z] RATE_LIMIT_EXCEEDED: {"ip":"::1"}
[2026-03-21T20:09:53.701Z] RATE_LIMIT_EXCEEDED: {"ip":"::1"}
[2026-03-21T20:09:53.711Z] RATE_LIMIT_EXCEEDED: {"ip":"::1"}
[2026-03-21T20:09:53.728Z] RATE_LIMIT_EXCEEDED: {"ip":"::1"}
[2026-03-21T20:09:53.741Z] RATE_LIMIT_EXCEEDED: {"ip":"::1"}
[2026-03-21T20:09:53.754Z] RATE_LIMIT_EXCEEDED: {"ip":"::1"}
[2026-03-21T20:09:53.769Z] RATE_LIMIT_EXCEEDED: {"ip":"::1"}
[2026-03-21T20:09:53.789Z] RATE_LIMIT_EXCEEDED: {"ip":"::1"}
[2026-03-21T20:09:53.802Z] RATE_LIMIT_EXCEEDED: {"ip":"::1"}
[2026-03-21T20:09:53.813Z] RATE_LIMIT_EXCEEDED: {"ip":"::1"}
[2026-03-21T20:09:53.827Z] RATE_LIMIT_EXCEEDED: {"ip":"::1"}
[2026-03-21T20:09:53.839Z] RATE_LIMIT_EXCEEDED: {"ip":"::1"}
[2026-03-21T20:09:53.853Z] RATE_LIMIT_EXCEEDED: {"ip":"::1"}
[2026-03-21T20:09:53.873Z] RATE_LIMIT_EXCEEDED: {"ip":"::1"}
[2026-03-21T20:09:53.884Z] RATE_LIMIT_EXCEEDED: {"ip":"::1"}
[2026-03-21T20:09:53.898Z] RATE_LIMIT_EXCEEDED: {"ip":"::1"}
[2026-03-21T20:09:53.909Z] RATE_LIMIT_EXCEEDED: {"ip":"::1"}
[2026-03-21T20:09:53.922Z] RATE_LIMIT_EXCEEDED: {"ip":"::1"}
[2026-03-21T20:09:53.931Z] RATE_LIMIT_EXCEEDED: {"ip":"::1"}
[2026-03-21T20:09:53.950Z] RATE_LIMIT_EXCEEDED: {"ip":"::1"}
[2026-03-21T20:09:53.960Z] RATE_LIMIT_EXCEEDED: {"ip":"::1"}
[2026-03-21T20:09:53.974Z] RATE_LIMIT_EXCEEDED: {"ip":"::1"}
[2026-03-21T20:09:53.989Z] RATE_LIMIT_EXCEEDED: {"ip":"::1"}
[2026-03-21T20:09:54.003Z] RATE_LIMIT_EXCEEDED: {"ip":"::1"}
[2026-03-21T20:09:54.012Z] RATE_LIMIT_EXCEEDED: {"ip":"::1"}
[2026-03-21T20:09:54.091Z] RATE_LIMIT_EXCEEDED: {"ip":"::1"}
[2026-03-21T20:09:54.102Z] RATE_LIMIT_EXCEEDED: {"ip":"::1"}
[2026-03-21T20:09:54.120Z] RATE_LIMIT_EXCEEDED: {"ip":"::1"}
[2026-03-21T20:09:54.133Z] RATE_LIMIT_EXCEEDED: {"ip":"::1"}
[2026-03-21T20:09:54.152Z] RATE_LIMIT_EXCEEDED: {"ip":"::1"}
[2026-03-21T20:09:54.163Z] RATE_LIMIT_EXCEEDED: {"ip":"::1"}
[2026-03-21T20:09:54.188Z] RATE_LIMIT_EXCEEDED: {"ip":"::1"}
[2026-03-21T20:09:54.202Z] RATE_LIMIT_EXCEEDED: {"ip":"::1"}
[2026-03-21T20:09:54.267Z] RATE_LIMIT_EXCEEDED: {"ip":"::1"}
[2026-03-21T20:09:54.282Z] RATE_LIMIT_EXCEEDED: {"ip":"::1"}
[2026-03-21T20:09:54.292Z] RATE_LIMIT_EXCEEDED: {"ip":"::1"}
[2026-03-21T20:09:54.305Z] RATE_LIMIT_EXCEEDED: {"ip":"::1"}
[2026-03-21T20:09:54.321Z] RATE_LIMIT_EXCEEDED: {"ip":"::1"}
[2026-03-21T20:09:54.331Z] RATE_LIMIT_EXCEEDED: {"ip":"::1"}
[2026-03-21T20:09:54.344Z] RATE_LIMIT_EXCEEDED: {"ip":"::1"}
[2026-03-21T20:09:54.358Z] RATE_LIMIT_EXCEEDED: {"ip":"::1"}
[2026-03-21T20:09:54.369Z] RATE_LIMIT_EXCEEDED: {"ip":"::1"}
[2026-03-21T20:09:54.383Z] RATE_LIMIT_EXCEEDED: {"ip":"::1"}
[2026-03-21T20:09:54.395Z] RATE_LIMIT_EXCEEDED: {"ip":"::1"}
[2026-03-21T20:09:54.406Z] RATE_LIMIT_EXCEEDED: {"ip":"::1"}
[2026-03-21T20:09:54.420Z] RATE_LIMIT_EXCEEDED: {"ip":"::1"}
[2026-03-21T20:09:54.433Z] RATE_LIMIT_EXCEEDED: {"ip":"::1"}
[2026-03-21T20:09:54.444Z] RATE_LIMIT_EXCEEDED: {"ip":"::1"}
[2026-03-21T20:09:54.457Z] RATE_LIMIT_EXCEEDED: {"ip":"::1"}
[2026-03-21T20:09:54.471Z] RATE_LIMIT_EXCEEDED: {"ip":"::1"}
[2026-03-21T20:09:54.480Z] RATE_LIMIT_EXCEEDED: {"ip":"::1"}
[2026-03-21T20:09:54.493Z] RATE_LIMIT_EXCEEDED: {"ip":"::1"}
[2026-03-21T20:09:54.506Z] RATE_LIMIT_EXCEEDED: {"ip":"::1"}
[2026-03-21T20:09:54.518Z] RATE_LIMIT_EXCEEDED: {"ip":"::1"}
[2026-03-21T20:09:54.533Z] RATE_LIMIT_EXCEEDED: {"ip":"::1"}
[2026-03-21T20:09:54.544Z] RATE_LIMIT_EXCEEDED: {"ip":"::1"}
[2026-03-21T20:09:54.555Z] RATE_LIMIT_EXCEEDED: {"ip":"::1"}
[2026-03-21T20:09:54.572Z] RATE_LIMIT_EXCEEDED: {"ip":"::1"}
[2026-03-21T20:09:54.587Z] RATE_LIMIT_EXCEEDED: {"ip":"::1"}
[2026-03-21T20:09:54.598Z] RATE_LIMIT_EXCEEDED: {"ip":"::1"}
[2026-03-21T20:09:54.616Z] RATE_LIMIT_EXCEEDED: {"ip":"::1"}
[2026-03-21T20:09:54.631Z] RATE_LIMIT_EXCEEDED: {"ip":"::1"}
[2026-03-21T20:09:54.641Z] RATE_LIMIT_EXCEEDED: {"ip":"::1"}
[2026-03-21T20:09:54.657Z] RATE_LIMIT_EXCEEDED: {"ip":"::1"}
[2026-03-21T20:09:54.671Z] RATE_LIMIT_EXCEEDED: {"ip":"::1"}
[2026-03-21T20:09:54.681Z] RATE_LIMIT_EXCEEDED: {"ip":"::1"}
[2026-03-21T20:09:54.695Z] RATE_LIMIT_EXCEEDED: {"ip":"::1"}
[2026-03-21T20:09:54.710Z] RATE_LIMIT_EXCEEDED: {"ip":"::1"}
[2026-03-21T20:09:54.722Z] RATE_LIMIT_EXCEEDED: {"ip":"::1"}
[2026-03-21T20:09:54.744Z] RATE_LIMIT_EXCEEDED: {"ip":"::1"}
[2026-03-21T20:09:54.766Z] RATE_LIMIT_EXCEEDED: {"ip":"::1"}
[2026-03-21T20:09:54.782Z] RATE_LIMIT_EXCEEDED: {"ip":"::1"}
[2026-03-21T20:09:54.797Z] RATE_LIMIT_EXCEEDED: {"ip":"::1"}
[2026-03-21T20:09:54.814Z] RATE_LIMIT_EXCEEDED: {"ip":"::1"}
[2026-03-21T20:09:54.830Z] RATE_LIMIT_EXCEEDED: {"ip":"::1"}
[2026-03-21T20:09:54.845Z] RATE_LIMIT_EXCEEDED: {"ip":"::1"}
[2026-03-21T20:09:54.861Z] RATE_LIMIT_EXCEEDED: {"ip":"::1"}
[2026-03-21T20:09:54.872Z] RATE_LIMIT_EXCEEDED: {"ip":"::1"}
[2026-03-21T20:09:54.889Z] RATE_LIMIT_EXCEEDED: {"ip":"::1"}
[2026-03-21T20:09:54.906Z] RATE_LIMIT_EXCEEDED: {"ip":"::1"}
[2026-03-21T20:09:54.918Z] RATE_LIMIT_EXCEEDED: {"ip":"::1"}
[2026-03-21T20:09:54.935Z] RATE_LIMIT_EXCEEDED: {"ip":"::1"}
[2026-03-21T20:09:54.949Z] RATE_LIMIT_EXCEEDED: {"ip":"::1"}
[2026-03-21T20:09:54.959Z] RATE_LIMIT_EXCEEDED: {"ip":"::1"}
[2026-03-21T20:09:54.980Z] RATE_LIMIT_EXCEEDED: {"ip":"::1"}
[2026-03-21T20:09:54.993Z] RATE_LIMIT_EXCEEDED: {"ip":"::1"}
[2026-03-21T20:09:55.007Z] RATE_LIMIT_EXCEEDED: {"ip":"::1"}
[2026-03-21T20:09:55.027Z] RATE_LIMIT_EXCEEDED: {"ip":"::1"}
[2026-03-21T20:09:55.040Z] RATE_LIMIT_EXCEEDED: {"ip":"::1"}
[2026-03-21T20:09:55.053Z] RATE_LIMIT_EXCEEDED: {"ip":"::1"}
[2026-03-21T20:09:55.072Z] RATE_LIMIT_EXCEEDED: {"ip":"::1"}
[2026-03-21T20:09:55.084Z] RATE_LIMIT_EXCEEDED: {"ip":"::1"}
[2026-03-21T20:09:55.095Z] RATE_LIMIT_EXCEEDED: {"ip":"::1"}
[2026-03-21T20:09:55.113Z] RATE_LIMIT_EXCEEDED: {"ip":"::1"}
[2026-03-21T20:09:55.122Z] RATE_LIMIT_EXCEEDED: {"ip":"::1"}
[2026-03-21T20:09:55.133Z] RATE_LIMIT_EXCEEDED: {"ip":"::1"}
[2026-03-21T20:09:55.150Z] RATE_LIMIT_EXCEEDED: {"ip":"::1"}
[2026-03-21T20:09:55.163Z] RATE_LIMIT_EXCEEDED: {"ip":"::1"}
[2026-03-21T20:09:55.174Z] RATE_LIMIT_EXCEEDED: {"ip":"::1"}
[2026-03-21T20:09:55.193Z] RATE_LIMIT_EXCEEDED: {"ip":"::1"}
[2026-03-21T20:09:55.204Z] RATE_LIMIT_EXCEEDED: {"ip":"::1"}
[2026-03-21T20:09:55.218Z] RATE_LIMIT_EXCEEDED: {"ip":"::1"}
[2026-03-21T20:09:55.236Z] RATE_LIMIT_EXCEEDED: {"ip":"::1"}
[2026-03-21T20:09:55.245Z] RATE_LIMIT_EXCEEDED: {"ip":"::1"}
[2026-03-21T20:09:55.255Z] RATE_LIMIT_EXCEEDED: {"ip":"::1"}
[2026-03-21T20:09:55.272Z] RATE_LIMIT_EXCEEDED: {"ip":"::1"}
[2026-03-21T20:09:55.284Z] RATE_LIMIT_EXCEEDED: {"ip":"::1"}
[2026-03-21T20:09:55.294Z] RATE_LIMIT_EXCEEDED: {"ip":"::1"}
[2026-03-21T20:09:55.315Z] RATE_LIMIT_EXCEEDED: {"ip":"::1"}
[2026-03-21T20:09:55.326Z] RATE_LIMIT_EXCEEDED: {"ip":"::1"}
[2026-03-21T20:09:55.338Z] RATE_LIMIT_EXCEEDED: {"ip":"::1"}
[2026-03-21T20:09:55.355Z] RATE_LIMIT_EXCEEDED: {"ip":"::1"}
[2026-03-21T20:09:55.367Z] RATE_LIMIT_EXCEEDED: {"ip":"::1"}
[2026-03-21T20:09:55.376Z] RATE_LIMIT_EXCEEDED: {"ip":"::1"}
[2026-03-21T20:09:55.394Z] RATE_LIMIT_EXCEEDED: {"ip":"::1"}
[2026-03-21T20:09:55.410Z] RATE_LIMIT_EXCEEDED: {"ip":"::1"}
[2026-03-21T20:09:55.421Z] RATE_LIMIT_EXCEEDED: {"ip":"::1"}
[2026-03-21T20:09:55.442Z] RATE_LIMIT_EXCEEDED: {"ip":"::1"}
[2026-03-21T20:09:55.453Z] RATE_LIMIT_EXCEEDED: {"ip":"::1"}
[2026-03-21T20:09:55.462Z] RATE_LIMIT_EXCEEDED: {"ip":"::1"}
[2026-03-21T20:09:55.479Z] RATE_LIMIT_EXCEEDED: {"ip":"::1"}
[2026-03-21T20:09:55.489Z] RATE_LIMIT_EXCEEDED: {"ip":"::1"}
[2026-03-21T20:09:55.500Z] RATE_LIMIT_EXCEEDED: {"ip":"::1"}
[2026-03-21T20:09:55.532Z] RATE_LIMIT_EXCEEDED: {"ip":"::1"}
[2026-03-21T20:09:55.541Z] RATE_LIMIT_EXCEEDED: {"ip":"::1"}
[2026-03-21T20:09:55.553Z] RATE_LIMIT_EXCEEDED: {"ip":"::1"}
[2026-03-21T20:09:55.568Z] RATE_LIMIT_EXCEEDED: {"ip":"::1"}
[2026-03-21T20:09:55.577Z] RATE_LIMIT_EXCEEDED: {"ip":"::1"}
[2026-03-21T20:09:55.588Z] RATE_LIMIT_EXCEEDED: {"ip":"::1"}
[2026-03-21T20:09:55.604Z] RATE_LIMIT_EXCEEDED: {"ip":"::1"}
[2026-03-21T20:09:55.612Z] RATE_LIMIT_EXCEEDED: {"ip":"::1"}
[2026-03-21T20:09:55.623Z] RATE_LIMIT_EXCEEDED: {"ip":"::1"}
[2026-03-21T20:09:55.639Z] RATE_LIMIT_EXCEEDED: {"ip":"::1"}
[2026-03-21T20:09:55.650Z] RATE_LIMIT_EXCEEDED: {"ip":"::1"}
[2026-03-21T20:09:55.659Z] RATE_LIMIT_EXCEEDED: {"ip":"::1"}
[2026-03-21T20:09:55.678Z] RATE_LIMIT_EXCEEDED: {"ip":"::1"}
[2026-03-21T20:09:55.689Z] RATE_LIMIT_EXCEEDED: {"ip":"::1"}
[2026-03-21T20:09:55.701Z] RATE_LIMIT_EXCEEDED: {"ip":"::1"}
[2026-03-21T20:09:55.716Z] RATE_LIMIT_EXCEEDED: {"ip":"::1"}
[2026-03-21T20:09:55.729Z] RATE_LIMIT_EXCEEDED: {"ip":"::1"}
[2026-03-21T20:09:55.741Z] RATE_LIMIT_EXCEEDED: {"ip":"::1"}
[2026-03-21T20:09:55.758Z] RATE_LIMIT_EXCEEDED: {"ip":"::1"}
[2026-03-21T20:09:55.769Z] RATE_LIMIT_EXCEEDED: {"ip":"::1"}
[2026-03-21T20:09:55.780Z] RATE_LIMIT_EXCEEDED: {"ip":"::1"}
[2026-03-21T20:09:55.799Z] RATE_LIMIT_EXCEEDED: {"ip":"::1"}
[2026-03-21T20:09:55.809Z] RATE_LIMIT_EXCEEDED: {"ip":"::1"}
[2026-03-21T20:09:55.821Z] RATE_LIMIT_EXCEEDED: {"ip":"::1"}
[2026-03-21T20:09:55.843Z] RATE_LIMIT_EXCEEDED: {"ip":"::1"}
[2026-03-21T20:09:55.854Z] RATE_LIMIT_EXCEEDED: {"ip":"::1"}
[2026-03-21T20:09:55.865Z] RATE_LIMIT_EXCEEDED: {"ip":"::1"}
[2026-03-21T20:09:55.883Z] RATE_LIMIT_EXCEEDED: {"ip":"::1"}
[2026-03-21T20:09:55.894Z] RATE_LIMIT_EXCEEDED: {"ip":"::1"}
[2026-03-21T20:09:55.906Z] RATE_LIMIT_EXCEEDED: {"ip":"::1"}
[2026-03-21T20:09:55.930Z] RATE_LIMIT_EXCEEDED: {"ip":"::1"}
[2026-03-21T20:09:55.942Z] RATE_LIMIT_EXCEEDED: {"ip":"::1"}
[2026-03-21T20:09:55.954Z] RATE_LIMIT_EXCEEDED: {"ip":"::1"}
[2026-03-21T20:09:55.970Z] RATE_LIMIT_EXCEEDED: {"ip":"::1"}
[2026-03-21T20:09:55.979Z] RATE_LIMIT_EXCEEDED: {"ip":"::1"}
[2026-03-21T20:09:55.992Z] RATE_LIMIT_EXCEEDED: {"ip":"::1"}
[2026-03-21T20:09:56.010Z] RATE_LIMIT_EXCEEDED: {"ip":"::1"}
[2026-03-21T20:09:56.120Z] RATE_LIMIT_EXCEEDED: {"ip":"::1"}
[2026-03-21T20:09:56.219Z] RATE_LIMIT_EXCEEDED: {"ip":"::1"}
[2026-03-21T20:09:56.352Z] RATE_LIMIT_EXCEEDED: {"ip":"::1"}
[2026-03-21T20:09:56.437Z] RATE_LIMIT_EXCEEDED: {"ip":"::1"}
[2026-03-21T20:09:56.507Z] RATE_LIMIT_EXCEEDED: {"ip":"::1"}
[2026-03-21T20:09:56.530Z] RATE_LIMIT_EXCEEDED: {"ip":"::1"}
[2026-03-21T20:09:56.559Z] RATE_LIMIT_EXCEEDED: {"ip":"::1"}
[2026-03-21T20:09:56.608Z] RATE_LIMIT_EXCEEDED: {"ip":"::1"}
[2026-03-21T20:10:27.636Z] RATE_LIMIT_EXCEEDED: {"ip":"::1"}
